LOG FILE [gallery.py]

processing galleries:

Engagement Photos:

  CAM01.JPG
  CAM02.jpg
  CAM03.JPG
  CAM04.jpg
  CAM05.JPG
  CAM06.JPG
  CAM07.JPG
  CAM08.jpg
  CAM09.JPG
  CAM10.JPG
  CAM11.JPG
  CAM12.JPG
  CAM13.JPG
  CAM14.JPG
  CAM15.JPG
  CAM16.JPG
  CAM17.JPG

Engagement Party Photos:

  DSC00776.JPG
  DSC00779.JPG
  DSC00780.JPG
  DSC00781.JPG
  DSC00783.JPG
  DSC00785.JPG
  DSC00791.JPG
  DSC00802.JPG
  DSC00805.JPG
  DSC00806.JPG
  DSC00811.JPG
  DSC00812.JPG
  DSC00813.JPG
  DSC00815.JPG
  DSC00818.JPG
  DSC00819.JPG
  DSC00820.JPG
  DSC00821.JPG
  DSC00824.JPG
  DSC00825.JPG
  DSC00826.JPG
  DSC00827.JPG
  DSC00828.JPG
  DSC00829.JPG
  DSC00830.JPG
  DSC00834.JPG
  DSC00835.JPG
  DSC00837.JPG
  DSC00838.JPG
  DSC00839.JPG
  DSC00840.JPG
  DSC00842.JPG
  DSC00844.JPG
  DSC00847.JPG
  DSC00853.JPG
  DSC00855.JPG
  DSC00857.JPG
  DSC00859.JPG
  DSC00860.JPG
  DSC00862.JPG
  DSC00864.JPG
  DSC00865.JPG
  DSC00868.JPG
  DSC00869.JPG
  DSC00871.JPG
  DSC00873.JPG
  DSC00874.JPG
  DSC00877.JPG
  DSC00878.JPG
  DSC00883.JPG
  DSC00885.JPG
  DSC00886.JPG
  DSC00888.JPG
  DSC00889.JPG
  DSC00892.JPG
  DSC00894.JPG
  DSC00897.JPG
  DSC00898.JPG
  DSC00900.JPG
  DSC00904.JPG
  DSC00906.JPG
  DSC00907.JPG
  DSC00911.JPG
  DSC00914.JPG
  DSC00918.JPG
  DSC00922.JPG
  DSC00923.JPG
  DSC00927.JPG
  DSC00929.JPG
  DSC00931.JPG
  DSC00935.JPG
  DSC00937.JPG
  DSC00940.JPG
  DSC00943.JPG
  DSC00944.JPG
  DSC00948.JPG
  DSC00951.JPG
  DSC00958.JPG
  DSC00962.JPG
  DSC00968.JPG
  DSC00973.JPG
  DSC00978.JPG
  DSC00984.JPG
  DSC00990.JPG
  DSC00991.JPG
  DSC00992.JPG
  DSC00993.JPG
  DSC00994.JPG
  DSC00995.JPG
  DSC00999.JPG
  DSC01005.JPG
  DSC01010.JPG
  DSC01012.JPG
  DSC01019.JPG
  DSC01022.JPG
  DSC01024.JPG
  DSC01031.JPG
  DSC01032.JPG
  DSC01035.JPG
  DSC01040.JPG
  DSC01045.JPG
  DSC01054.JPG
  DSC01055.JPG
  DSC01057.JPG
  DSC01059.JPG
  DSC01061.JPG
  DSC01064.JPG
  DSC01065.JPG
  DSC01066.JPG
  DSC01068.JPG
  DSC01071.JPG
  DSC01074.JPG
  DSC01078.JPG
  DSC01081.JPG
  DSC01084.JPG
  DSC01091.JPG
  DSC01118.JPG
  DSC01119.JPG
  DSC01128.JPG
  DSC01132.JPG
  DSC01140.JPG
  DSC01143.JPG
  DSC01144.JPG
  DSC01145.JPG
  DSC01147.JPG

time = 0.0050001144
